<?xml version="1.0" encoding="UTF-8"?>
<testsuite xmlns:xsi="http://www.w3.org/2001/XMLSchema-instance" xsi:noNamespaceSchemaLocation="https://maven.apache.org/surefire/maven-surefire-plugin/xsd/surefire-test-report.xsd" name="com.itheima.SpringbootMybatisCrudApplicationTests" time="2.899" tests="2" errors="1" skipped="0" failures="0">
  <properties>
[...]
</properties>
  <testcase name="testGetById" classname="com.itheima.SpringbootMybatisCrudApplicationTests" time="1.057">
    <error message="&#10;### Error querying database.  Cause: java.sql.SQLSyntaxErrorException: You have an error in your SQL syntax; check the manual that corresponds to your MySQL server version for the right syntax to use near &apos;where id = 12&apos; at line 1&#10;### The error may exist in com/itheima/mapper/EmpMapper.java (best guess)&#10;### The error may involve com.itheima.mapper.EmpMapper.getById-Inline&#10;### The error occurred while setting parameters&#10;### SQL: select * from where id = ?&#10;### Cause: java.sql.SQLSyntaxErrorException: You have an error in your SQL syntax; check the manual that corresponds to your MySQL server version for the right syntax to use near &apos;where id = 12&apos; at line 1&#10;; bad SQL grammar []" type="org.springframework.jdbc.BadSqlGrammarException">org.springframework.jdbc.BadSqlGrammarException: 

### Error querying database.  Cause: java.sql.SQLSyntaxErrorException: You have an error in your SQL syntax; check the manual that corresponds to your MySQL server version for the right syntax to use near 'where id = 12' at line 1
### The error may exist in com/itheima/mapper/EmpMapper.java (best guess)
### The error may involve com.itheima.mapper.EmpMapper.getById-Inline
### The error occurred while setting parameters
### SQL: select * from where id = ?
### Cause: java.sql.SQLSyntaxErrorException: You have an error in your SQL syntax; check the manual that corresponds to your MySQL server version for the right syntax to use near 'where id = 12' at line 1
; bad SQL grammar []
	at com.itheima.SpringbootMybatisCrudApplicationTests.testGetById(SpringbootMybatisCrudApplicationTests.java:22)
Caused by: java.sql.SQLSyntaxErrorException: You have an error in your SQL syntax; check the manual that corresponds to your MySQL server version for the right syntax to use near 'where id = 12' at line 1
	at com.itheima.SpringbootMybatisCrudApplicationTests.testGetById(SpringbootMybatisCrudApplicationTests.java:22)
</error>
    <system-out><![CDATA[09:52:00.986 [main] DEBUG org.springframework.boot.test.context.SpringBootTestContextBootstrapper -- Neither @ContextConfiguration nor @ContextHierarchy found for test class [SpringbootMybatisCrudApplicationTests]: using SpringBootContextLoader
09:52:00.989 [main] DEBUG org.springframework.test.context.support.AbstractContextLoader -- Could not detect default resource locations for test class [com.itheima.SpringbootMybatisCrudApplicationTests]: no resource found for suffixes {-context.xml, Context.groovy}.
09:52:00.990 [main] INFO org.springframework.test.context.support.AnnotationConfigContextLoaderUtils -- Could not detect default configuration classes for test class [com.itheima.SpringbootMybatisCrudApplicationTests]: SpringbootMybatisCrudApplicationTests does not declare any static, non-private, non-final, nested classes annotated with @Configuration.
09:52:01.019 [main] DEBUG org.springframework.boot.test.context.SpringBootTestContextBootstrapper -- Using ContextCustomizers for test class [SpringbootMybatisCrudApplicationTests]: [ExcludeFilterContextCustomizer, DuplicateJsonObjectContextCustomizer, MockitoContextCustomizer, TestRestTemplateContextCustomizer, DisableObservabilityContextCustomizer, PropertyMappingContextCustomizer, Customizer]
09:52:01.090 [main] DEBUG org.springframework.context.annotation.ClassPathScanningCandidateComponentProvider -- Identified candidate component class: file [E:\project\project03\springboot-mybatis-crud\target\classes\com\itheima\SpringbootMybatisCrudApplication.class]
09:52:01.092 [main] INFO org.springframework.boot.test.context.SpringBootTestContextBootstrapper -- Found @SpringBootConfiguration com.itheima.SpringbootMybatisCrudApplication for test class com.itheima.SpringbootMybatisCrudApplicationTests
09:52:01.206 [main] DEBUG org.springframework.test.context.util.TestContextSpringFactoriesUtils -- Skipping candidate TestExecutionListener [org.springframework.test.context.web.ServletTestExecutionListener] due to a missing dependency. Specify custom TestExecutionListener classes or make the default TestExecutionListener classes and their required dependencies available. Offending class: [jakarta/servlet/ServletContext]
09:52:01.220 [main] DEBUG org.springframework.boot.test.context.SpringBootTestContextBootstrapper -- Using TestExecutionListeners for test class [SpringbootMybatisCrudApplicationTests]: [DirtiesContextBeforeModesTestExecutionListener, ApplicationEventsTestExecutionListener, MockitoTestExecutionListener, DependencyInjectionTestExecutionListener, DirtiesContextTestExecutionListener, TransactionalTestExecutionListener, SqlScriptsTestExecutionListener, EventPublishingTestExecutionListener, ResetMocksTestExecutionListener, RestDocsTestExecutionListener, MockRestServiceServerResetTestExecutionListener, MockMvcPrintOnlyOnFailureTestExecutionListener, WebDriverTestExecutionListener, MockWebServiceServerTestExecutionListener]
09:52:01.222 [main] DEBUG org.springframework.test.context.support.AbstractDirtiesContextTestExecutionListener -- Before test class: class [SpringbootMybatisCrudApplicationTests], class annotated with @DirtiesContext [false] with mode [null]
09:52:01.245 [main] DEBUG org.springframework.test.context.support.DependencyInjectionTestExecutionListener -- Performing dependency injection for test class com.itheima.SpringbootMybatisCrudApplicationTests

  .   ____          _            __ _ _
 /\\ / ___'_ __ _ _(_)_ __  __ _ \ \ \ \
( ( )\___ | '_ | '_| | '_ \/ _` | \ \ \ \
 \\/  ___)| |_)| | | | | || (_| |  ) ) ) )
  '  |____| .__|_| |_|_| |_\__, | / / / /
 =========|_|==============|___/=/_/_/_/
 :: Spring Boot ::                (v3.0.5)

2023-04-01T09:52:01.574+08:00  INFO 12680 --- [           main] .i.SpringbootMybatisCrudApplicationTests : Starting SpringbootMybatisCrudApplicationTests using Java 17 with PID 12680 (started by 无敌 in E:\project\project03\springboot-mybatis-crud)
2023-04-01T09:52:01.576+08:00  INFO 12680 --- [           main] .i.SpringbootMybatisCrudApplicationTests : No active profile set, falling back to 1 default profile: "default"
Logging initialized using 'class org.apache.ibatis.logging.stdout.StdOutImpl' adapter.
2023-04-01T09:52:02.646+08:00  INFO 12680 --- [           main] .i.SpringbootMybatisCrudApplicationTests : Started SpringbootMybatisCrudApplicationTests in 1.372 seconds (process running for 2.384)
Creating a new SqlSession
SqlSession [org.apache.ibatis.session.defaults.DefaultSqlSession@7fad214a] was not registered for synchronization because synchronization is not active
2023-04-01T09:52:03.240+08:00  INFO 12680 --- [           main] com.zaxxer.hikari.HikariDataSource       : HikariPool-1 - Starting...
2023-04-01T09:52:03.518+08:00  INFO 12680 --- [           main] com.zaxxer.hikari.pool.HikariPool        : HikariPool-1 - Added connection com.mysql.cj.jdbc.ConnectionImpl@6b415f5f
2023-04-01T09:52:03.520+08:00  INFO 12680 --- [           main] com.zaxxer.hikari.HikariDataSource       : HikariPool-1 - Start completed.
JDBC Connection [HikariProxyConnection@284456930 wrapping com.mysql.cj.jdbc.ConnectionImpl@6b415f5f] will not be managed by Spring
==>  Preparing: select * from where id = ?
==> Parameters: 12(Integer)
Closing non transactional SqlSession [org.apache.ibatis.session.defaults.DefaultSqlSession@7fad214a]
]]></system-out>
  </testcase>
  <testcase name="testDelete" classname="com.itheima.SpringbootMybatisCrudApplicationTests" time="0.006"/>
</testsuite>